{"level":"info","message":"Listening on port 3900...","timestamp":"2022-01-29T07:23:26.899Z"}
{"level":"info","message":"Connected to mongodb://localhost/vidly...","timestamp":"2022-01-29T07:23:26.924Z"}
{"level":"info","message":"Listening on port 3900...","timestamp":"2022-01-31T10:58:19.006Z"}
{"level":"info","message":"Connected to mongodb://localhost/vidly...","timestamp":"2022-01-31T10:58:19.036Z"}
{"level":"info","message":"Listening on port 3900...","timestamp":"2022-01-31T11:00:15.253Z"}
{"level":"info","message":"Connected to mongodb://localhost/vidly...","timestamp":"2022-01-31T11:00:15.278Z"}
{"level":"info","message":"Listening on port 3900...","timestamp":"2022-02-01T13:33:10.011Z"}
{"level":"info","message":"Connected to mongodb://localhost/vidly...","timestamp":"2022-02-01T13:33:10.071Z"}
{"message":"Cast to ObjectId failed for value \"bvbvnbvn61f936824a82fe34e4a5299d\" at path \"_id\" for model \"Movies\"","stack":"CastError: Cast to ObjectId failed for value \"bvbvnbvn61f936824a82fe34e4a5299d\" at path \"_id\" for model \"Movies\"\n    at new CastError (D:\\React Data\\vidly\\vidly-api-node\\node_modules\\mongoose\\lib\\error\\cast.js:27:11)\n    at ObjectId.cast (D:\\React Data\\vidly\\vidly-api-node\\node_modules\\mongoose\\lib\\schema\\objectid.js:158:13)\n    at ObjectId.SchemaType.applySetters (D:\\React Data\\vidly\\vidly-api-node\\node_modules\\mongoose\\lib\\schematype.js:701:12)\n    at ObjectId.SchemaType._castForQuery (D:\\React Data\\vidly\\vidly-api-node\\node_modules\\mongoose\\lib\\schematype.js:1072:15)\n    at ObjectId.castForQuery (D:\\React Data\\vidly\\vidly-api-node\\node_modules\\mongoose\\lib\\schema\\objectid.js:198:15)\n    at ObjectId.SchemaType.castForQueryWrapper (D:\\React Data\\vidly\\vidly-api-node\\node_modules\\mongoose\\lib\\schematype.js:1041:15)\n    at cast (D:\\React Data\\vidly\\vidly-api-node\\node_modules\\mongoose\\lib\\cast.js:269:32)\n    at model.Query.Query.cast (D:\\React Data\\vidly\\vidly-api-node\\node_modules\\mongoose\\lib\\query.js:3133:12)\n    at model.Query.Query._castConditions (D:\\React Data\\vidly\\vidly-api-node\\node_modules\\mongoose\\lib\\query.js:1269:10)\n    at model.Query.Query._findOneAndRemove (D:\\React Data\\vidly\\vidly-api-node\\node_modules\\mongoose\\lib\\query.js:2241:8)\n    at D:\\React Data\\vidly\\vidly-api-node\\node_modules\\kareem\\index.js:276:8\n    at D:\\React Data\\vidly\\vidly-api-node\\node_modules\\kareem\\index.js:23:7\n    at processTicksAndRejections (internal/process/task_queues.js:77:11)","name":"CastError","stringValue":"\"bvbvnbvn61f936824a82fe34e4a5299d\"","kind":"ObjectId","value":"bvbvnbvn61f936824a82fe34e4a5299d","path":"_id","level":"error","timestamp":"2022-02-01T13:38:48.873Z"}
{"message":"Cast to ObjectId failed for value \"bvbvnbvn61f936824a82fe34e4a5299d\" at path \"_id\" for model \"Movies\"","stack":"CastError: Cast to ObjectId failed for value \"bvbvnbvn61f936824a82fe34e4a5299d\" at path \"_id\" for model \"Movies\"\n    at new CastError (D:\\React Data\\vidly\\vidly-api-node\\node_modules\\mongoose\\lib\\error\\cast.js:27:11)\n    at ObjectId.cast (D:\\React Data\\vidly\\vidly-api-node\\node_modules\\mongoose\\lib\\schema\\objectid.js:158:13)\n    at ObjectId.SchemaType.applySetters (D:\\React Data\\vidly\\vidly-api-node\\node_modules\\mongoose\\lib\\schematype.js:701:12)\n    at ObjectId.SchemaType._castForQuery (D:\\React Data\\vidly\\vidly-api-node\\node_modules\\mongoose\\lib\\schematype.js:1072:15)\n    at ObjectId.castForQuery (D:\\React Data\\vidly\\vidly-api-node\\node_modules\\mongoose\\lib\\schema\\objectid.js:198:15)\n    at ObjectId.SchemaType.castForQueryWrapper (D:\\React Data\\vidly\\vidly-api-node\\node_modules\\mongoose\\lib\\schematype.js:1041:15)\n    at cast (D:\\React Data\\vidly\\vidly-api-node\\node_modules\\mongoose\\lib\\cast.js:269:32)\n    at model.Query.Query.cast (D:\\React Data\\vidly\\vidly-api-node\\node_modules\\mongoose\\lib\\query.js:3133:12)\n    at model.Query.Query._castConditions (D:\\React Data\\vidly\\vidly-api-node\\node_modules\\mongoose\\lib\\query.js:1269:10)\n    at model.Query.Query._findOneAndRemove (D:\\React Data\\vidly\\vidly-api-node\\node_modules\\mongoose\\lib\\query.js:2241:8)\n    at D:\\React Data\\vidly\\vidly-api-node\\node_modules\\kareem\\index.js:276:8\n    at D:\\React Data\\vidly\\vidly-api-node\\node_modules\\kareem\\index.js:23:7\n    at processTicksAndRejections (internal/process/task_queues.js:77:11)","name":"CastError","stringValue":"\"bvbvnbvn61f936824a82fe34e4a5299d\"","kind":"ObjectId","value":"bvbvnbvn61f936824a82fe34e4a5299d","path":"_id","level":"error","timestamp":"2022-02-01T13:38:54.934Z"}
{"message":"Cast to ObjectId failed for value \"bvbvnbvn61f936824a82fe34e4a5299d\" at path \"_id\" for model \"Movies\"","stack":"CastError: Cast to ObjectId failed for value \"bvbvnbvn61f936824a82fe34e4a5299d\" at path \"_id\" for model \"Movies\"\n    at new CastError (D:\\React Data\\vidly\\vidly-api-node\\node_modules\\mongoose\\lib\\error\\cast.js:27:11)\n    at ObjectId.cast (D:\\React Data\\vidly\\vidly-api-node\\node_modules\\mongoose\\lib\\schema\\objectid.js:158:13)\n    at ObjectId.SchemaType.applySetters (D:\\React Data\\vidly\\vidly-api-node\\node_modules\\mongoose\\lib\\schematype.js:701:12)\n    at ObjectId.SchemaType._castForQuery (D:\\React Data\\vidly\\vidly-api-node\\node_modules\\mongoose\\lib\\schematype.js:1072:15)\n    at ObjectId.castForQuery (D:\\React Data\\vidly\\vidly-api-node\\node_modules\\mongoose\\lib\\schema\\objectid.js:198:15)\n    at ObjectId.SchemaType.castForQueryWrapper (D:\\React Data\\vidly\\vidly-api-node\\node_modules\\mongoose\\lib\\schematype.js:1041:15)\n    at cast (D:\\React Data\\vidly\\vidly-api-node\\node_modules\\mongoose\\lib\\cast.js:269:32)\n    at model.Query.Query.cast (D:\\React Data\\vidly\\vidly-api-node\\node_modules\\mongoose\\lib\\query.js:3133:12)\n    at model.Query.Query._castConditions (D:\\React Data\\vidly\\vidly-api-node\\node_modules\\mongoose\\lib\\query.js:1269:10)\n    at model.Query.Query._findOneAndRemove (D:\\React Data\\vidly\\vidly-api-node\\node_modules\\mongoose\\lib\\query.js:2241:8)\n    at D:\\React Data\\vidly\\vidly-api-node\\node_modules\\kareem\\index.js:276:8\n    at D:\\React Data\\vidly\\vidly-api-node\\node_modules\\kareem\\index.js:23:7\n    at processTicksAndRejections (internal/process/task_queues.js:77:11)","name":"CastError","stringValue":"\"bvbvnbvn61f936824a82fe34e4a5299d\"","kind":"ObjectId","value":"bvbvnbvn61f936824a82fe34e4a5299d","path":"_id","level":"error","timestamp":"2022-02-01T13:39:08.462Z"}
{"level":"info","message":"Listening on port 3900...","timestamp":"2022-02-02T05:55:06.504Z"}
{"level":"info","message":"Connected to mongodb://localhost/vidly...","timestamp":"2022-02-02T05:55:06.553Z"}
{"level":"info","message":"Listening on port 3900...","timestamp":"2022-02-09T07:08:26.957Z"}
{"level":"info","message":"Connected to mongodb://localhost/vidly...","timestamp":"2022-02-09T07:08:26.999Z"}
{"level":"info","message":"Listening on port 3900...","timestamp":"2022-02-09T08:22:35.103Z"}
{"level":"info","message":"Connected to mongodb://localhost/vidly...","timestamp":"2022-02-09T08:22:35.248Z"}
{"message":"Unexpected token : in JSON at position 38","stack":"SyntaxError: Unexpected token : in JSON at position 38\n    at JSON.parse (<anonymous>)\n    at parse (D:\\React Data\\vidly\\vidly-api-node\\node_modules\\body-parser\\lib\\types\\json.js:89:19)\n    at D:\\React Data\\vidly\\vidly-api-node\\node_modules\\body-parser\\lib\\read.js:121:18\n    at invokeCallback (D:\\React Data\\vidly\\vidly-api-node\\node_modules\\raw-body\\index.js:224:16)\n    at done (D:\\React Data\\vidly\\vidly-api-node\\node_modules\\raw-body\\index.js:213:7)\n    at IncomingMessage.onEnd (D:\\React Data\\vidly\\vidly-api-node\\node_modules\\raw-body\\index.js:273:7)\n    at IncomingMessage.emit (events.js:387:35)\n    at endReadableNT (internal/streams/readable.js:1317:12)\n    at processTicksAndRejections (internal/process/task_queues.js:82:21)","expose":true,"statusCode":400,"status":400,"body":"  {\n        \"email\" : \"test@gmail.com\":,\n        \"password\" : \"112233\",\n        \"name\": \"Mahad\"\n    }","type":"entity.parse.failed","level":"error","timestamp":"2022-02-09T09:08:31.028Z"}
{"level":"info","message":"Listening on port 3900...","timestamp":"2022-02-09T10:33:22.408Z"}
{"level":"info","message":"Connected to mongodb://localhost/vidly...","timestamp":"2022-02-09T10:33:22.432Z"}
{"level":"info","message":"Listening on port 3900...","timestamp":"2022-02-09T10:35:27.688Z"}
{"level":"info","message":"Connected to mongodb://localhost/vidly...","timestamp":"2022-02-09T10:35:27.713Z"}
{"message":"Unexpected token } in JSON at position 83","stack":"SyntaxError: Unexpected token } in JSON at position 83\n    at JSON.parse (<anonymous>)\n    at parse (D:\\React Data\\vidly\\vidly-api-node\\node_modules\\body-parser\\lib\\types\\json.js:89:19)\n    at D:\\React Data\\vidly\\vidly-api-node\\node_modules\\body-parser\\lib\\read.js:121:18\n    at invokeCallback (D:\\React Data\\vidly\\vidly-api-node\\node_modules\\raw-body\\index.js:224:16)\n    at done (D:\\React Data\\vidly\\vidly-api-node\\node_modules\\raw-body\\index.js:213:7)\n    at IncomingMessage.onEnd (D:\\React Data\\vidly\\vidly-api-node\\node_modules\\raw-body\\index.js:273:7)\n    at IncomingMessage.emit (events.js:387:35)\n    at endReadableNT (internal/streams/readable.js:1317:12)\n    at processTicksAndRejections (internal/process/task_queues.js:82:21)","expose":true,"statusCode":400,"status":400,"body":"  {\n        \"email\" : \"test@gmail.com\",\n        \"password\" : \"112233\",\n       \n    }","type":"entity.parse.failed","level":"error","timestamp":"2022-02-09T11:07:07.396Z"}
{"level":"info","message":"Listening on port 3900...","timestamp":"2022-02-09T12:44:33.514Z"}
{"level":"info","message":"Connected to mongodb://localhost/vidly...","timestamp":"2022-02-09T12:44:33.541Z"}
{"level":"info","message":"Listening on port 3900...","timestamp":"2022-02-09T12:47:02.080Z"}
{"level":"info","message":"Connected to mongodb://localhost/vidly...","timestamp":"2022-02-09T12:47:02.108Z"}
{"level":"info","message":"Listening on port 3900...","timestamp":"2022-02-10T08:11:32.552Z"}
{"level":"info","message":"Connected to mongodb://localhost/vidly...","timestamp":"2022-02-10T08:11:32.598Z"}
{"level":"info","message":"Listening on port 3900...","timestamp":"2022-02-10T08:44:16.748Z"}
{"level":"info","message":"Connected to mongodb://localhost/vidly...","timestamp":"2022-02-10T08:44:16.771Z"}
{"level":"info","message":"Listening on port 3900...","timestamp":"2022-02-10T08:50:53.704Z"}
{"level":"info","message":"Connected to mongodb://localhost/vidly...","timestamp":"2022-02-10T08:50:53.736Z"}
{"level":"info","message":"Listening on port 3900...","timestamp":"2022-02-10T11:00:05.823Z"}
{"level":"info","message":"Connected to mongodb://localhost/vidly...","timestamp":"2022-02-10T11:00:05.867Z"}
{"level":"info","message":"Listening on port 3900...","timestamp":"2022-02-10T12:43:04.593Z"}
{"level":"info","message":"Connected to mongodb://localhost/vidly...","timestamp":"2022-02-10T12:43:04.625Z"}
{"level":"info","message":"Listening on port 3900...","timestamp":"2022-02-11T05:24:55.451Z"}
{"level":"info","message":"Connected to mongodb://localhost/vidly...","timestamp":"2022-02-11T05:24:55.486Z"}
